#
# A fatal error has been detected by the Java Runtime Environment:
#
#  SIGSEGV (0xb) at pc=0x00007fccf10e0401, pid=12110, tid=12126
#
# JRE version: OpenJDK Runtime Environment (11.0.7+10) (build 11.0.7+10-post-Ubuntu-2ubuntu218.04)
# Java VM: OpenJDK 64-Bit Server VM (11.0.7+10-post-Ubuntu-2ubuntu218.04, mixed mode, sharing, tiered, compressed oops, g1 gc, linux-amd64)
# Problematic frame:
# C  [libjimage.so+0x2401]
#
# No core dump will be written. Core dumps have been disabled. To enable core dumping, try "ulimit -c unlimited" before starting Java again
#
# If you would like to submit a bug report, please visit:
#   https://bugs.launchpad.net/ubuntu/+source/openjdk-lts
#

---------------  S U M M A R Y ------------

Command Line: -agentlib:jdwp=transport=dt_socket,suspend=y,address=localhost:39661 -javaagent:/home/s/eclipse/java-2019-12/eclipse/configuration/org.eclipse.osgi/1561/0/.cp/lib/javaagent-shaded.jar -Dfile.encoding=UTF-8 --module-path=/home/s/Bureau/Git/projetPCII/projetPCII/bin -Djdk.module.main=projetPCII1 projetPCII1/main.Main

Host: Intel(R) Core(TM) i3-6100 CPU @ 3.70GHz, 2 cores, 3G, Ubuntu 18.04.2 LTS
Time: Wed May  6 11:04:36 2020 CEST elapsed time: 63 seconds (0d 0h 1m 3s)

---------------  T H R E A D  ---------------

Current thread (0x00007fccec129000):  JavaThread "Signal Dispatcher" daemon [_thread_in_vm, id=12126, stack(0x00007fccb78ea000,0x00007fccb79eb000)]

Stack: [0x00007fccb78ea000,0x00007fccb79eb000],  sp=0x00007fccb79e81e0,  free space=1016k
Native frames: (J=compiled Java code, A=aot compiled Java code, j=interpreted, Vv=VM code, C=native code)
C  [libjimage.so+0x2401]
C  [libjimage.so+0x30ea]
C  [libjimage.so+0x35c6]  JIMAGE_FindResource+0xd6
V  [libjvm.so+0x59105e]
V  [libjvm.so+0x593dc0]
V  [libjvm.so+0xd503b5]
V  [libjvm.so+0xd4dd4a]
V  [libjvm.so+0xd50942]
V  [libjvm.so+0x64589d]
V  [libjvm.so+0x83ea5c]
j  jdk.internal.misc.Signal.dispatch(I)V+25 java.base@11.0.7
v  ~StubRoutines::call_stub
V  [libjvm.so+0x84e319]
V  [libjvm.so+0x84d105]
V  [libjvm.so+0xbc377c]
V  [libjvm.so+0xd8918f]
V  [libjvm.so+0xd85acf]
V  [libjvm.so+0xbd59de]

Java frames: (J=compiled Java code, j=interpreted, Vv=VM code)
j  jdk.internal.misc.Signal.dispatch(I)V+25 java.base@11.0.7
v  ~StubRoutines::call_stub

siginfo: si_signo: 11 (SIGSEGV), si_code: 1 (SEGV_MAPERR), si_addr: 0x00007fcce391b498

Register to memory mapping:

RAX=0x000000000000391f is an unknown value
RBX=0x00007fccb79e8291 is pointing into the stack for thread: 0x00007fccec129000
RCX=0x00007fcce390d01c is an unknown value
RDX=0x000000000000391f is an unknown value
RSP=0x00007fccb79e81e0 is pointing into the stack for thread: 0x00007fccec129000
RBP=0x00007fccb79e8200 is pointing into the stack for thread: 0x00007fccec129000
RSI=0x00007fccb79e8290 is pointing into the stack for thread: 0x00007fccec129000
RDI=0x00007fccf12e3130: <offset 0x0000000000205130> in /usr/lib/jvm/java-11-openjdk-amd64/lib/libjimage.so at 0x00007fccf10de000
R8 =0x0 is NULL
R9 =0x0000000076100fa4 is an unknown value
R10=0x00007fccb79e82b3 is pointing into the stack for thread: 0x00007fccec129000
R11=0x00007fccf4d0f4c0: <offset 0x00000000001af4c0> in /lib/x86_64-linux-gnu/libc.so.6 at 0x00007fccf4b60000
R12=0x00007fccb79e8290 is pointing into the stack for thread: 0x00007fccec129000
R13=0x00000000000083ac is an unknown value
R14=